<?xml version="1.0" encoding="UTF-8"?>
<!-- Generated by org.testng.reporters.JUnitReportReporter -->
<testsuite skipped="0" hostname="DESKTOP-H55P5P4" name="com.dy.AutoTest.OnlineCashier.TestCases.authentication.IdentityAuthenticationChannelPageTest" tests="1" failures="0" timestamp="05 十一月 2018 03:14:55 GMT" time="16.756" errors="0">
  <testcase name="testIdentityAuthenticationChannel" time="16.756" classname="com.dy.AutoTest.OnlineCashier.TestCases.authentication.IdentityAuthenticationChannelPageTest"/>
</testsuite> <!-- com.dy.AutoTest.OnlineCashier.TestCases.authentication.IdentityAuthenticationChannelPageTest -->
