<?xml version="1.0" encoding="UTF-8"?>
<!-- Generated by org.testng.reporters.JUnitReportReporter -->
<testsuite skipped="0" hostname="DESKTOP-H55P5P4" name="com.dy.AutoTest.OnlineCashier.TestCases.authentication.IdentityAuthenticationDetailsPageTest" tests="1" failures="0" timestamp="05 十一月 2018 06:25:27 GMT" time="9.662" errors="0">
  <testcase name="testIdentityAuthenticationDetails" time="9.662" classname="com.dy.AutoTest.OnlineCashier.TestCases.authentication.IdentityAuthenticationDetailsPageTest"/>
</testsuite> <!-- com.dy.AutoTest.OnlineCashier.TestCases.authentication.IdentityAuthenticationDetailsPageTest -->
