<?xml version="1.0" encoding="UTF-8"?>
<!-- Generated by org.testng.reporters.JUnitReportReporter -->
<testsuite skipped="0" hostname="DESKTOP-H55P5P4" name="com.dy.AutoTest.OperationPlatform.TestCases.cooperatingagent.agentinfo.CooperatingAgentInfoPageTest" tests="1" failures="0" timestamp="30 十月 2018 07:16:39 GMT" time="17.709" errors="0">
  <testcase name="testCooperatingAgencyInfo" time="17.709" classname="com.dy.AutoTest.OperationPlatform.TestCases.cooperatingagent.agentinfo.CooperatingAgentInfoPageTest"/>
</testsuite> <!-- com.dy.AutoTest.OperationPlatform.TestCases.cooperatingagent.agentinfo.CooperatingAgentInfoPageTest -->
