<?xml version="1.0" encoding="UTF-8"?>
<!-- Generated by org.testng.reporters.JUnitReportReporter -->
<testsuite skipped="0" hostname="DESKTOP-H55P5P4" name="com.dy.AutoTest.OnlineCashier.TestCases.authentication.IdentityAuthenticationRoutePageTest" tests="1" failures="0" timestamp="05 十一月 2018 05:18:10 GMT" time="10.044" errors="0">
  <testcase name="testIdentityAuthenticationRoute" time="10.044" classname="com.dy.AutoTest.OnlineCashier.TestCases.authentication.IdentityAuthenticationRoutePageTest"/>
</testsuite> <!-- com.dy.AutoTest.OnlineCashier.TestCases.authentication.IdentityAuthenticationRoutePageTest -->
