<?xml version="1.0" encoding="UTF-8"?>
<!-- Generated by org.testng.reporters.JUnitReportReporter -->
<testsuite skipped="0" hostname="DESKTOP-H55P5P4" name="com.dy.AutoTest.OperationPlatform.TestCases.cooperatingagent.routeinfo.CooperatingRouteInfoPageTest" tests="1" failures="0" timestamp="31 十月 2018 07:50:23 GMT" time="5.845" errors="0">
  <testcase name="testCooperatingRouteInfo" time="5.845" classname="com.dy.AutoTest.OperationPlatform.TestCases.cooperatingagent.routeinfo.CooperatingRouteInfoPageTest"/>
</testsuite> <!-- com.dy.AutoTest.OperationPlatform.TestCases.cooperatingagent.routeinfo.CooperatingRouteInfoPageTest -->
