<?xml version="1.0" encoding="UTF-8"?>
<!-- Generated by org.testng.reporters.JUnitReportReporter -->
<testsuite skipped="0" hostname="DESKTOP-H55P5P4" name="com.dy.AutoTest.OperationPlatform.TestCases.cooperatingagent.agentinfo.CooperatingServiceChannelPageTest" tests="1" failures="0" timestamp="30 十月 2018 11:12:32 GMT" time="6.117" errors="0">
  <testcase name="testCooperatingServiceChannel" time="6.117" classname="com.dy.AutoTest.OperationPlatform.TestCases.cooperatingagent.agentinfo.CooperatingServiceChannelPageTest"/>
</testsuite> <!-- com.dy.AutoTest.OperationPlatform.TestCases.cooperatingagent.agentinfo.CooperatingServiceChannelPageTest -->
