<?xml version="1.0" encoding="UTF-8"?>
<!-- Generated by org.testng.reporters.JUnitReportReporter -->
<testsuite skipped="0" hostname="DESKTOP-H55P5P4" name="com.dy.AutoTest.OnlineCashier.TestCases.cooperatingagent.agentinfo.CooperatingAgentInfoPageTest" tests="1" failures="0" timestamp="05 十一月 2018 01:38:17 GMT" time="16.112" errors="0">
  <testcase name="testCooperatingAgencyInfo" time="16.112" classname="com.dy.AutoTest.OnlineCashier.TestCases.cooperatingagent.agentinfo.CooperatingAgentInfoPageTest"/>
</testsuite> <!-- com.dy.AutoTest.OnlineCashier.TestCases.cooperatingagent.agentinfo.CooperatingAgentInfoPageTest -->
