<?xml version="1.0" encoding="UTF-8"?>
<!-- Generated by org.testng.reporters.JUnitReportReporter -->
<testsuite skipped="0" hostname="DESKTOP-H55P5P4" name="com.dy.AutoTest.OperationPlatform.TestCases.cooperatingagent.agentinfo.CooperatingPaymentChannelPageTest" tests="1" failures="0" timestamp="29 十月 2018 10:45:20 GMT" time="26.361" errors="0">
  <testcase name="testCooperatingPaymentChannel" time="26.361" classname="com.dy.AutoTest.OperationPlatform.TestCases.cooperatingagent.agentinfo.CooperatingPaymentChannelPageTest"/>
</testsuite> <!-- com.dy.AutoTest.OperationPlatform.TestCases.cooperatingagent.agentinfo.CooperatingPaymentChannelPageTest -->
