<?xml version="1.0" encoding="UTF-8"?>
<!-- Generated by org.testng.reporters.JUnitReportReporter -->
<testsuite skipped="0" hostname="DESKTOP-H55P5P4" name="com.dy.AutoTest.OperationPlatform.TestCases.LoginPageTest" tests="1" failures="0" timestamp="29 十月 2018 06:49:40 GMT" time="6.603" errors="0">
  <testcase name="testLogin" time="6.603" classname="com.dy.AutoTest.OperationPlatform.TestCases.LoginPageTest"/>
</testsuite> <!-- com.dy.AutoTest.OperationPlatform.TestCases.LoginPageTest -->
