<?xml version="1.0" encoding="UTF-8"?>
<!-- Generated by org.testng.reporters.JUnitReportReporter -->
<testsuite skipped="0" hostname="DESKTOP-H55P5P4" name="com.dy.AutoTest.OperationPlatform.TestCases.LoginPageTest" tests="1" failures="0" timestamp="06 十一月 2018 09:15:55 GMT" time="7.243" errors="0">
  <testcase name="testLogin" time="7.243" classname="com.dy.AutoTest.OperationPlatform.TestCases.LoginPageTest"/>
</testsuite> <!-- com.dy.AutoTest.OperationPlatform.TestCases.LoginPageTest -->
